2024-10-20 20:46:52,947 - hbnb_models - INFO - {"function": "get_by_username", "class": "type", "args": "('testuser',)", "kwargs": {}, "status": "success", "result": "None"}
2024-10-20 20:46:52,948 - hbnb_models - INFO - {"function": "get_by_email", "class": "type", "args": "('test@example.com',)", "kwargs": {}, "status": "success", "result": "None"}
2024-10-20 20:46:52,948 - hbnb_models - ERROR - {"function": "__init__", "class": "User", "args": "()", "kwargs": {}, "status": "error", "error": "module 'datetime' has no attribute 'now'"}
2024-10-20 20:46:52,951 - hbnb_models - ERROR - {"function": "__init__", "class": "User", "args": "('testuser', 'test@example.com', 'password123', 'Test', 'User', None)", "kwargs": {}, "status": "error", "error": "module 'datetime' has no attribute 'now'"}
2024-10-20 20:46:52,951 - hbnb_models - ERROR - {"function": "create", "class": "type", "args": "()", "kwargs": {"username": "testuser", "email": "test@example.com", "first_name": "Test", "last_name": "User"}, "status": "error", "error": "module 'datetime' has no attribute 'now'"}
2024-10-20 20:46:52,954 - hbnb_models - INFO - {"function": "get_by_username", "class": "type", "args": "('testuser',)", "kwargs": {}, "status": "success", "result": "None"}
2024-10-20 20:46:52,954 - hbnb_models - INFO - {"function": "get_by_email", "class": "type", "args": "('test@example.com',)", "kwargs": {}, "status": "success", "result": "None"}
2024-10-20 20:46:52,954 - hbnb_models - ERROR - {"function": "__init__", "class": "User", "args": "()", "kwargs": {}, "status": "error", "error": "module 'datetime' has no attribute 'now'"}
2024-10-20 20:46:52,955 - hbnb_models - ERROR - {"function": "__init__", "class": "User", "args": "('testuser', 'test@example.com', 'password123', 'Test', 'User', None)", "kwargs": {}, "status": "error", "error": "module 'datetime' has no attribute 'now'"}
2024-10-20 20:46:52,955 - hbnb_models - ERROR - {"function": "create", "class": "type", "args": "()", "kwargs": {"username": "testuser", "email": "test@example.com", "first_name": "Test", "last_name": "User"}, "status": "error", "error": "module 'datetime' has no attribute 'now'"}
2024-10-20 20:46:52,956 - hbnb_models - INFO - {"function": "get_by_username", "class": "type", "args": "('testuser',)", "kwargs": {}, "status": "success", "result": "None"}
2024-10-20 20:46:52,957 - hbnb_models - INFO - {"function": "get_by_email", "class": "type", "args": "('test@example.com',)", "kwargs": {}, "status": "success", "result": "None"}
2024-10-20 20:46:52,957 - hbnb_models - ERROR - {"function": "__init__", "class": "User", "args": "()", "kwargs": {}, "status": "error", "error": "module 'datetime' has no attribute 'now'"}
2024-10-20 20:46:52,957 - hbnb_models - ERROR - {"function": "__init__", "class": "User", "args": "('testuser', 'test@example.com', 'password123', 'Test', 'User', None)", "kwargs": {}, "status": "error", "error": "module 'datetime' has no attribute 'now'"}
2024-10-20 20:46:52,958 - hbnb_models - ERROR - {"function": "create", "class": "type", "args": "()", "kwargs": {"username": "testuser", "email": "test@example.com", "first_name": "Test", "last_name": "User"}, "status": "error", "error": "module 'datetime' has no attribute 'now'"}
2024-10-20 20:46:52,959 - hbnb_models - INFO - {"function": "get_by_username", "class": "type", "args": "('testuser',)", "kwargs": {}, "status": "success", "result": "None"}
2024-10-20 20:46:52,960 - hbnb_models - INFO - {"function": "get_by_email", "class": "type", "args": "('test@example.com',)", "kwargs": {}, "status": "success", "result": "None"}
2024-10-20 20:46:52,961 - hbnb_models - ERROR - {"function": "__init__", "class": "User", "args": "()", "kwargs": {}, "status": "error", "error": "module 'datetime' has no attribute 'now'"}
2024-10-20 20:46:52,962 - hbnb_models - ERROR - {"function": "__init__", "class": "User", "args": "('testuser', 'test@example.com', 'password123', 'Test', 'User', None)", "kwargs": {}, "status": "error", "error": "module 'datetime' has no attribute 'now'"}
2024-10-20 20:46:52,962 - hbnb_models - ERROR - {"function": "create", "class": "type", "args": "()", "kwargs": {"username": "testuser", "email": "test@example.com", "first_name": "Test", "last_name": "User"}, "status": "error", "error": "module 'datetime' has no attribute 'now'"}
2024-10-20 20:46:52,964 - hbnb_models - INFO - {"function": "get_by_username", "class": "type", "args": "('testuser',)", "kwargs": {}, "status": "success", "result": "None"}
2024-10-20 20:46:52,965 - hbnb_models - INFO - {"function": "get_by_email", "class": "type", "args": "('test@example.com',)", "kwargs": {}, "status": "success", "result": "None"}
2024-10-20 20:46:52,965 - hbnb_models - ERROR - {"function": "__init__", "class": "User", "args": "()", "kwargs": {}, "status": "error", "error": "module 'datetime' has no attribute 'now'"}
2024-10-20 20:46:52,966 - hbnb_models - ERROR - {"function": "__init__", "class": "User", "args": "('testuser', 'test@example.com', 'password123', 'Test', 'User', None)", "kwargs": {}, "status": "error", "error": "module 'datetime' has no attribute 'now'"}
2024-10-20 20:46:52,966 - hbnb_models - ERROR - {"function": "create", "class": "type", "args": "()", "kwargs": {"username": "testuser", "email": "test@example.com", "first_name": "Test", "last_name": "User"}, "status": "error", "error": "module 'datetime' has no attribute 'now'"}
2024-10-20 20:46:52,968 - hbnb_models - INFO - {"function": "get_by_username", "class": "type", "args": "('testuser',)", "kwargs": {}, "status": "success", "result": "None"}
2024-10-20 20:46:52,968 - hbnb_models - INFO - {"function": "get_by_email", "class": "type", "args": "('test@example.com',)", "kwargs": {}, "status": "success", "result": "None"}
2024-10-20 20:46:52,969 - hbnb_models - ERROR - {"function": "__init__", "class": "User", "args": "()", "kwargs": {}, "status": "error", "error": "module 'datetime' has no attribute 'now'"}
2024-10-20 20:46:52,969 - hbnb_models - ERROR - {"function": "__init__", "class": "User", "args": "('testuser', 'test@example.com', 'password123', 'Test', 'User', None)", "kwargs": {}, "status": "error", "error": "module 'datetime' has no attribute 'now'"}
2024-10-20 20:46:52,969 - hbnb_models - ERROR - {"function": "create", "class": "type", "args": "()", "kwargs": {"username": "testuser", "email": "test@example.com", "first_name": "Test", "last_name": "User"}, "status": "error", "error": "module 'datetime' has no attribute 'now'"}
2024-10-20 20:46:52,970 - hbnb_models - INFO - {"function": "get_by_username", "class": "type", "args": "('testuser',)", "kwargs": {}, "status": "success", "result": "None"}
2024-10-20 20:46:52,971 - hbnb_models - INFO - {"function": "get_by_email", "class": "type", "args": "('test@example.com',)", "kwargs": {}, "status": "success", "result": "None"}
2024-10-20 20:46:52,971 - hbnb_models - ERROR - {"function": "__init__", "class": "User", "args": "()", "kwargs": {}, "status": "error", "error": "module 'datetime' has no attribute 'now'"}
2024-10-20 20:46:52,971 - hbnb_models - ERROR - {"function": "__init__", "class": "User", "args": "('testuser', 'test@example.com', 'password123', 'Test', 'User', None)", "kwargs": {}, "status": "error", "error": "module 'datetime' has no attribute 'now'"}
2024-10-20 20:46:52,972 - hbnb_models - ERROR - {"function": "create", "class": "type", "args": "()", "kwargs": {"username": "testuser", "email": "test@example.com", "first_name": "Test", "last_name": "User"}, "status": "error", "error": "module 'datetime' has no attribute 'now'"}
2024-10-20 20:46:52,972 - hbnb_models - INFO - {"function": "get_by_username", "class": "type", "args": "('testuser',)", "kwargs": {}, "status": "success", "result": "None"}
2024-10-20 20:46:52,973 - hbnb_models - INFO - {"function": "get_by_email", "class": "type", "args": "('test@example.com',)", "kwargs": {}, "status": "success", "result": "None"}
2024-10-20 20:46:52,973 - hbnb_models - ERROR - {"function": "__init__", "class": "User", "args": "()", "kwargs": {}, "status": "error", "error": "module 'datetime' has no attribute 'now'"}
2024-10-20 20:46:52,973 - hbnb_models - ERROR - {"function": "__init__", "class": "User", "args": "('testuser', 'test@example.com', 'password123', 'Test', 'User', None)", "kwargs": {}, "status": "error", "error": "module 'datetime' has no attribute 'now'"}
2024-10-20 20:46:52,974 - hbnb_models - ERROR - {"function": "create", "class": "type", "args": "()", "kwargs": {"username": "testuser", "email": "test@example.com", "first_name": "Test", "last_name": "User"}, "status": "error", "error": "module 'datetime' has no attribute 'now'"}
2024-10-20 20:46:52,977 - hbnb_models - INFO - {"function": "get_by_username", "class": "type", "args": "('testuser',)", "kwargs": {}, "status": "success", "result": "None"}
2024-10-20 20:46:52,978 - hbnb_models - INFO - {"function": "get_by_email", "class": "type", "args": "('test@example.com',)", "kwargs": {}, "status": "success", "result": "None"}
2024-10-20 20:46:52,978 - hbnb_models - ERROR - {"function": "__init__", "class": "User", "args": "()", "kwargs": {}, "status": "error", "error": "module 'datetime' has no attribute 'now'"}
2024-10-20 20:46:52,979 - hbnb_models - ERROR - {"function": "__init__", "class": "User", "args": "('testuser', 'test@example.com', 'password123', 'Test', 'User', None)", "kwargs": {}, "status": "error", "error": "module 'datetime' has no attribute 'now'"}
2024-10-20 20:46:52,979 - hbnb_models - ERROR - {"function": "create", "class": "type", "args": "()", "kwargs": {"username": "testuser", "email": "test@example.com", "first_name": "Test", "last_name": "User"}, "status": "error", "error": "module 'datetime' has no attribute 'now'"}
2024-10-20 20:47:09,203 - hbnb_models - ERROR - {"function": "create", "class": "type", "args": "()", "kwargs": {"email": "test@example.com", "username": "testuser"}, "status": "error", "error": "User.create() missing 2 required positional arguments: 'first_name' and 'last_name'"}
2024-10-20 20:47:09,209 - hbnb_models - ERROR - {"function": "create", "class": "type", "args": "()", "kwargs": {"username": "testuser"}, "status": "error", "error": "User.create() missing 3 required positional arguments: 'email', 'first_name', and 'last_name'"}
2024-10-20 20:47:09,211 - hbnb_models - ERROR - {"function": "create", "class": "type", "args": "()", "kwargs": {"email": "invalid_email", "username": "testuser"}, "status": "error", "error": "User.create() missing 2 required positional arguments: 'first_name' and 'last_name'"}
2024-10-20 20:47:09,214 - hbnb_models - ERROR - {"function": "create", "class": "type", "args": "()", "kwargs": {"email": "test@example.com", "username": "aaaaaaaaaaaaaaaaaaaaaaaaaaaaaaaaaaaaaaaaaaaaaaaaaaaaaaaaaaaaaaaaaaaaaaaaaaaaaaaaaaaaaaaaaaaaaaaaaaaaa"}, "status": "error", "error": "User.create() missing 2 required positional arguments: 'first_name' and 'last_name'"}
2024-10-20 20:47:09,218 - hbnb_models - ERROR - {"function": "create", "class": "type", "args": "()", "kwargs": {"username": "testuser"}, "status": "error", "error": "User.create() missing 3 required positional arguments: 'email', 'first_name', and 'last_name'"}
2024-10-20 20:47:09,221 - hbnb_models - INFO - {"function": "get_by_username", "class": "type", "args": "('testuser',)", "kwargs": {}, "status": "success", "result": "None"}
2024-10-20 20:47:09,221 - hbnb_models - INFO - {"function": "get_by_email", "class": "type", "args": "('test@example.com',)", "kwargs": {}, "status": "success", "result": "None"}
2024-10-20 20:47:09,221 - hbnb_models - ERROR - {"function": "__init__", "class": "User", "args": "()", "kwargs": {}, "status": "error", "error": "module 'datetime' has no attribute 'now'"}
2024-10-20 20:47:09,222 - hbnb_models - ERROR - {"function": "__init__", "class": "User", "args": "('testuser', 'test@example.com', 'password123', 'Test', 'User', None)", "kwargs": {}, "status": "error", "error": "module 'datetime' has no attribute 'now'"}
2024-10-20 20:47:09,223 - hbnb_models - ERROR - {"function": "create", "class": "type", "args": "()", "kwargs": {"email": "test@example.com", "first_name": "Test", "last_name": "User", "username": "testuser"}, "status": "error", "error": "module 'datetime' has no attribute 'now'"}
2024-10-20 20:47:09,228 - hbnb_models - ERROR - {"function": "create", "class": "type", "args": "()", "kwargs": {"email": "test@example.com", "username": "testuser"}, "status": "error", "error": "User.create() missing 2 required positional arguments: 'first_name' and 'last_name'"}
2024-10-20 20:47:09,231 - hbnb_models - INFO - {"function": "get_all", "class": "type", "args": "()", "kwargs": {}, "status": "success", "result": "[]"}
2024-10-20 20:47:09,234 - hbnb_models - ERROR - {"function": "create", "class": "type", "args": "()", "kwargs": {"email": "user1@example.com", "username": "user1"}, "status": "error", "error": "User.create() missing 2 required positional arguments: 'first_name' and 'last_name'"}
2024-10-20 20:47:09,240 - hbnb_models - ERROR - {"function": "create", "class": "type", "args": "()", "kwargs": {"email": "test@example.com", "username": "testuser"}, "status": "error", "error": "User.create() missing 2 required positional arguments: 'first_name' and 'last_name'"}
2024-10-20 20:47:09,247 - hbnb_models - ERROR - {"function": "create", "class": "type", "args": "()", "kwargs": {"email": "test@example.com", "username": "testuser"}, "status": "error", "error": "User.create() missing 2 required positional arguments: 'first_name' and 'last_name'"}
2024-10-20 20:47:09,250 - hbnb_models - ERROR - {"function": "create", "class": "type", "args": "()", "kwargs": {"email": "test@example.com", "username": "testuser"}, "status": "error", "error": "User.create() missing 2 required positional arguments: 'first_name' and 'last_name'"}
2024-10-20 20:47:09,253 - hbnb_models - ERROR - {"function": "create", "class": "type", "args": "()", "kwargs": {"email": "test@example.com", "username": "testuser"}, "status": "error", "error": "User.create() missing 2 required positional arguments: 'first_name' and 'last_name'"}
2024-10-20 21:41:10,537 - hbnb_models - INFO - {"function": "get_all", "class": "type", "args": "()", "kwargs": {}, "status": "success", "result": "[]"}
2024-10-20 21:41:29,372 - hbnb_models - INFO - {"function": "get_by_username", "class": "type", "args": "('johndoe12',)", "kwargs": {}, "status": "success", "result": "None"}
2024-10-20 21:41:29,372 - hbnb_models - INFO - {"function": "get_by_email", "class": "type", "args": "('john12.doe@example.com',)", "kwargs": {}, "status": "success", "result": "None"}
2024-10-20 21:41:29,373 - hbnb_models - ERROR - {"function": "__init__", "class": "User", "args": "()", "kwargs": {}, "status": "error", "error": "module 'datetime' has no attribute 'now'"}
2024-10-20 21:41:29,373 - hbnb_models - ERROR - {"function": "__init__", "class": "User", "args": "('johndoe12', 'john12.doe@example.com', 'securepassword', 'John', 'Doe', '1234567890')", "kwargs": {}, "status": "error", "error": "module 'datetime' has no attribute 'now'"}
2024-10-20 21:41:29,373 - hbnb_models - ERROR - {"function": "create", "class": "type", "args": "()", "kwargs": {"username": "johndoe12", "email": "john12.doe@example.com", "first_name": "John", "last_name": "Doe", "phone_number": "1234567890"}, "status": "error", "error": "module 'datetime' has no attribute 'now'"}
2024-10-20 21:46:12,314 - hbnb_models - INFO - {"function": "get_by_username", "class": "type", "args": "('johndoe12',)", "kwargs": {}, "status": "success", "result": "None"}
2024-10-20 21:46:12,315 - hbnb_models - INFO - {"function": "get_by_email", "class": "type", "args": "('john12.doe@example.com',)", "kwargs": {}, "status": "success", "result": "None"}
2024-10-20 21:46:12,315 - hbnb_models - ERROR - {"function": "__init__", "class": "User", "args": "()", "kwargs": {}, "status": "error", "error": "module 'datetime' has no attribute 'now'"}
2024-10-20 21:46:12,315 - hbnb_models - ERROR - {"function": "__init__", "class": "User", "args": "('johndoe12', 'john12.doe@example.com', 'securepassword', 'John', 'Doe', '1234567890')", "kwargs": {}, "status": "error", "error": "module 'datetime' has no attribute 'now'"}
2024-10-20 21:46:12,316 - hbnb_models - ERROR - {"function": "create", "class": "type", "args": "()", "kwargs": {"username": "johndoe12", "email": "john12.doe@example.com", "first_name": "John", "last_name": "Doe", "phone_number": "1234567890"}, "status": "error", "error": "module 'datetime' has no attribute 'now'"}
2024-10-20 21:53:37,912 - hbnb_models - INFO - {"function": "get_by_username", "class": "type", "args": "('johndoe12',)", "kwargs": {}, "status": "success", "result": "None"}
2024-10-20 21:53:37,913 - hbnb_models - INFO - {"function": "get_by_email", "class": "type", "args": "('john12.doe@example.com',)", "kwargs": {}, "status": "success", "result": "None"}
2024-10-20 21:53:37,913 - hbnb_models - ERROR - {"function": "__init__", "class": "User", "args": "()", "kwargs": {}, "status": "error", "error": "module 'datetime' has no attribute 'now'"}
2024-10-20 21:53:37,913 - hbnb_models - ERROR - {"function": "__init__", "class": "User", "args": "('johndoe12', 'john12.doe@example.com', 'securepassword', 'John', 'Doe', '1234567890')", "kwargs": {}, "status": "error", "error": "module 'datetime' has no attribute 'now'"}
2024-10-20 21:53:37,914 - hbnb_models - ERROR - {"function": "create", "class": "type", "args": "()", "kwargs": {"username": "johndoe12", "email": "john12.doe@example.com", "first_name": "John", "last_name": "Doe", "phone_number": "1234567890"}, "status": "error", "error": "module 'datetime' has no attribute 'now'"}
2024-10-20 21:54:05,965 - hbnb_models - INFO - {"function": "get_by_username", "class": "type", "args": "('johndoe12',)", "kwargs": {}, "status": "success", "result": "None"}
2024-10-20 21:54:05,965 - hbnb_models - INFO - {"function": "get_by_email", "class": "type", "args": "('john12.doe@example.com',)", "kwargs": {}, "status": "success", "result": "None"}
2024-10-20 21:54:05,965 - hbnb_models - ERROR - {"function": "__init__", "class": "User", "args": "()", "kwargs": {}, "status": "error", "error": "module 'datetime' has no attribute 'now'"}
2024-10-20 21:54:05,965 - hbnb_models - ERROR - {"function": "__init__", "class": "User", "args": "('johndoe12', 'john12.doe@example.com', 'securepassword', 'John', 'Doe', '1234567890')", "kwargs": {}, "status": "error", "error": "module 'datetime' has no attribute 'now'"}
2024-10-20 21:54:05,966 - hbnb_models - ERROR - {"function": "create", "class": "type", "args": "()", "kwargs": {"username": "johndoe12", "email": "john12.doe@example.com", "first_name": "John", "last_name": "Doe", "phone_number": "1234567890"}, "status": "error", "error": "module 'datetime' has no attribute 'now'"}
2024-10-20 21:57:36,502 - hbnb_models - INFO - {"function": "get_by_username", "class": "type", "args": "('johndoe12',)", "kwargs": {}, "status": "success", "result": "None"}
2024-10-20 21:57:36,502 - hbnb_models - INFO - {"function": "get_by_email", "class": "type", "args": "('john12.doe@example.com',)", "kwargs": {}, "status": "success", "result": "None"}
2024-10-20 21:57:36,503 - hbnb_models - ERROR - {"function": "__init__", "class": "User", "args": "()", "kwargs": {}, "status": "error", "error": "module 'datetime' has no attribute 'now'"}
2024-10-20 21:57:36,503 - hbnb_models - ERROR - {"function": "__init__", "class": "User", "args": "('johndoe12', 'john12.doe@example.com', 'securepassword', 'John', 'Doe', '1234567890')", "kwargs": {}, "status": "error", "error": "module 'datetime' has no attribute 'now'"}
2024-10-20 21:57:36,503 - hbnb_models - ERROR - {"function": "create", "class": "type", "args": "()", "kwargs": {"username": "johndoe12", "email": "john12.doe@example.com", "first_name": "John", "last_name": "Doe", "phone_number": "1234567890"}, "status": "error", "error": "module 'datetime' has no attribute 'now'"}
2024-10-20 21:58:05,560 - hbnb_models - INFO - {"function": "get_by_username", "class": "type", "args": "('johndoe12',)", "kwargs": {}, "status": "success", "result": "None"}
2024-10-20 21:58:05,561 - hbnb_models - INFO - {"function": "get_by_email", "class": "type", "args": "('john12.doe@example.com',)", "kwargs": {}, "status": "success", "result": "None"}
2024-10-20 21:58:05,561 - hbnb_models - ERROR - {"function": "__init__", "class": "User", "args": "()", "kwargs": {}, "status": "error", "error": "module 'datetime' has no attribute 'now'"}
2024-10-20 21:58:05,561 - hbnb_models - ERROR - {"function": "__init__", "class": "User", "args": "('johndoe12', 'john12.doe@example.com', 'securepassword', 'John', 'Doe', '1234567890')", "kwargs": {}, "status": "error", "error": "module 'datetime' has no attribute 'now'"}
2024-10-20 21:58:05,562 - hbnb_models - ERROR - {"function": "create", "class": "type", "args": "()", "kwargs": {"username": "johndoe12", "email": "john12.doe@example.com", "first_name": "John", "last_name": "Doe", "phone_number": "1234567890"}, "status": "error", "error": "module 'datetime' has no attribute 'now'"}
2024-10-20 22:02:07,068 - hbnb_models - INFO - {"function": "get_by_username", "class": "type", "args": "('johndoe12',)", "kwargs": {}, "status": "success", "result": "None"}
2024-10-20 22:02:07,068 - hbnb_models - INFO - {"function": "get_by_email", "class": "type", "args": "('john12.doe@example.com',)", "kwargs": {}, "status": "success", "result": "None"}
2024-10-20 22:02:07,069 - hbnb_models - ERROR - {"function": "__init__", "class": "User", "args": "()", "kwargs": {}, "status": "error", "error": "module 'datetime' has no attribute 'now'"}
2024-10-20 22:02:07,069 - hbnb_models - ERROR - {"function": "__init__", "class": "User", "args": "('johndoe12', 'john12.doe@example.com', 'securepassword', 'John', 'Doe', '1234567890')", "kwargs": {}, "status": "error", "error": "module 'datetime' has no attribute 'now'"}
2024-10-20 22:02:07,069 - hbnb_models - ERROR - {"function": "create", "class": "type", "args": "()", "kwargs": {"username": "johndoe12", "email": "john12.doe@example.com", "first_name": "John", "last_name": "Doe", "phone_number": "1234567890"}, "status": "error", "error": "module 'datetime' has no attribute 'now'"}
2024-10-20 22:06:56,553 - hbnb_models - INFO - {"function": "get_by_username", "class": "type", "args": "('johndoe12',)", "kwargs": {}, "status": "success", "result": "None"}
2024-10-20 22:06:56,554 - hbnb_models - INFO - {"function": "get_by_email", "class": "type", "args": "('john12.doe@example.com',)", "kwargs": {}, "status": "success", "result": "None"}
2024-10-20 22:06:56,554 - hbnb_models - ERROR - {"function": "__init__", "class": "User", "args": "()", "kwargs": {}, "status": "error", "error": "module 'datetime' has no attribute 'now'"}
2024-10-20 22:06:56,555 - hbnb_models - ERROR - {"function": "__init__", "class": "User", "args": "('johndoe12', 'john12.doe@example.com', 'securepassword', 'John', 'Doe', '1234567890')", "kwargs": {}, "status": "error", "error": "module 'datetime' has no attribute 'now'"}
2024-10-20 22:06:56,555 - hbnb_models - ERROR - {"function": "create", "class": "type", "args": "()", "kwargs": {"username": "johndoe12", "email": "john12.doe@example.com", "first_name": "John", "last_name": "Doe", "phone_number": "1234567890"}, "status": "error", "error": "module 'datetime' has no attribute 'now'"}
2024-10-20 22:09:10,455 - hbnb_models - INFO - {"function": "get_by_username", "class": "type", "args": "('johndoe12',)", "kwargs": {}, "status": "success", "result": "None"}
2024-10-20 22:09:10,455 - hbnb_models - INFO - {"function": "get_by_email", "class": "type", "args": "('john12.doe@example.com',)", "kwargs": {}, "status": "success", "result": "None"}
2024-10-20 22:09:10,455 - hbnb_models - ERROR - {"function": "__init__", "class": "User", "args": "()", "kwargs": {}, "status": "error", "error": "module 'datetime' has no attribute 'now'"}
2024-10-20 22:09:10,456 - hbnb_models - ERROR - {"function": "__init__", "class": "User", "args": "('johndoe12', 'john12.doe@example.com', 'securepassword', 'John', 'Doe', '1234567890')", "kwargs": {}, "status": "error", "error": "module 'datetime' has no attribute 'now'"}
2024-10-20 22:09:10,456 - hbnb_models - ERROR - {"function": "create", "class": "type", "args": "()", "kwargs": {"username": "johndoe12", "email": "john12.doe@example.com", "first_name": "John", "last_name": "Doe", "phone_number": "1234567890"}, "status": "error", "error": "module 'datetime' has no attribute 'now'"}
2024-10-20 22:09:25,551 - hbnb_models - INFO - {"function": "get_by_username", "class": "type", "args": "('johndoe12',)", "kwargs": {}, "status": "success", "result": "None"}
2024-10-20 22:09:25,551 - hbnb_models - INFO - {"function": "get_by_email", "class": "type", "args": "('john12.doe@example.com',)", "kwargs": {}, "status": "success", "result": "None"}
2024-10-20 22:09:25,552 - hbnb_models - ERROR - {"function": "__init__", "class": "User", "args": "()", "kwargs": {}, "status": "error", "error": "module 'datetime' has no attribute 'now'"}
2024-10-20 22:09:25,552 - hbnb_models - ERROR - {"function": "__init__", "class": "User", "args": "('johndoe12', 'john12.doe@example.com', 'securepassword', 'John', 'Doe', '1234567890')", "kwargs": {}, "status": "error", "error": "module 'datetime' has no attribute 'now'"}
2024-10-20 22:09:25,552 - hbnb_models - ERROR - {"function": "create", "class": "type", "args": "()", "kwargs": {"username": "johndoe12", "email": "john12.doe@example.com", "first_name": "John", "last_name": "Doe", "phone_number": "1234567890"}, "status": "error", "error": "module 'datetime' has no attribute 'now'"}
2024-10-20 22:10:12,235 - hbnb_models - INFO - {"function": "get_by_username", "class": "type", "args": "('johndoe12',)", "kwargs": {}, "status": "success", "result": "None"}
2024-10-20 22:10:12,236 - hbnb_models - INFO - {"function": "get_by_email", "class": "type", "args": "('john12.doe@example.com',)", "kwargs": {}, "status": "success", "result": "None"}
2024-10-20 22:10:12,236 - hbnb_models - ERROR - {"function": "__init__", "class": "User", "args": "()", "kwargs": {}, "status": "error", "error": "module 'datetime' has no attribute 'now'"}
2024-10-20 22:10:12,236 - hbnb_models - ERROR - {"function": "__init__", "class": "User", "args": "('johndoe12', 'john12.doe@example.com', 'veryverysecurepassword', 'John', 'Doe', '1234567890')", "kwargs": {}, "status": "error", "error": "module 'datetime' has no attribute 'now'"}
2024-10-20 22:10:12,237 - hbnb_models - ERROR - {"function": "create", "class": "type", "args": "()", "kwargs": {"username": "johndoe12", "email": "john12.doe@example.com", "first_name": "John", "last_name": "Doe", "phone_number": "1234567890"}, "status": "error", "error": "module 'datetime' has no attribute 'now'"}
2024-10-20 22:13:52,970 - hbnb_models - INFO - {"function": "get_by_username", "class": "type", "args": "('johndoe12',)", "kwargs": {}, "status": "success", "result": "None"}
2024-10-20 22:13:52,971 - hbnb_models - INFO - {"function": "get_by_email", "class": "type", "args": "('john12.doe@example.com',)", "kwargs": {}, "status": "success", "result": "None"}
2024-10-20 22:13:52,971 - hbnb_models - ERROR - {"function": "__init__", "class": "User", "args": "()", "kwargs": {}, "status": "error", "error": "module 'datetime' has no attribute 'now'"}
2024-10-20 22:13:52,972 - hbnb_models - ERROR - {"function": "__init__", "class": "User", "args": "('johndoe12', 'john12.doe@example.com', 'veryverysecurepassword', 'John', 'Doe', '1234567890')", "kwargs": {}, "status": "error", "error": "module 'datetime' has no attribute 'now'"}
2024-10-20 22:13:52,972 - hbnb_models - ERROR - {"function": "create", "class": "type", "args": "()", "kwargs": {"username": "johndoe12", "email": "john12.doe@example.com", "first_name": "John", "last_name": "Doe", "phone_number": "1234567890"}, "status": "error", "error": "module 'datetime' has no attribute 'now'"}
2024-10-20 22:17:05,386 - hbnb_models - INFO - {"function": "get_by_username", "class": "type", "args": "('johndoe12',)", "kwargs": {}, "status": "success", "result": "None"}
2024-10-20 22:17:05,386 - hbnb_models - INFO - {"function": "get_by_email", "class": "type", "args": "('john12.doe@example.com',)", "kwargs": {}, "status": "success", "result": "None"}
2024-10-20 22:17:05,386 - hbnb_models - ERROR - {"function": "__init__", "class": "User", "args": "()", "kwargs": {}, "status": "error", "error": "module 'datetime' has no attribute 'now'"}
2024-10-20 22:17:05,387 - hbnb_models - ERROR - {"function": "__init__", "class": "User", "args": "('johndoe12', 'john12.doe@example.com', 'veryverysecurepassword', 'John', 'Doe', '1234567890')", "kwargs": {}, "status": "error", "error": "module 'datetime' has no attribute 'now'"}
2024-10-20 22:17:05,387 - hbnb_models - ERROR - {"function": "create", "class": "type", "args": "()", "kwargs": {"username": "johndoe12", "email": "john12.doe@example.com", "first_name": "John", "last_name": "Doe", "phone_number": "1234567890"}, "status": "error", "error": "module 'datetime' has no attribute 'now'"}
2024-10-20 22:19:36,412 - hbnb_models - INFO - {"function": "get_by_username", "class": "type", "args": "('johndoe12',)", "kwargs": {}, "status": "success", "result": "None"}
2024-10-20 22:19:36,413 - hbnb_models - INFO - {"function": "get_by_email", "class": "type", "args": "('john12.doe@example.com',)", "kwargs": {}, "status": "success", "result": "None"}
2024-10-20 22:19:36,413 - hbnb_models - ERROR - {"function": "__init__", "class": "User", "args": "()", "kwargs": {}, "status": "error", "error": "module 'datetime' has no attribute 'now'"}
2024-10-20 22:19:36,413 - hbnb_models - ERROR - {"function": "__init__", "class": "User", "args": "('johndoe12', 'john12.doe@example.com', 'veryverysecurepassword', 'John', 'Doe', '1234567890')", "kwargs": {}, "status": "error", "error": "module 'datetime' has no attribute 'now'"}
2024-10-20 22:19:36,414 - hbnb_models - ERROR - {"function": "create", "class": "type", "args": "()", "kwargs": {"username": "johndoe12", "email": "john12.doe@example.com", "first_name": "John", "last_name": "Doe", "phone_number": "1234567890"}, "status": "error", "error": "module 'datetime' has no attribute 'now'"}
2024-10-20 22:20:23,562 - hbnb_models - INFO - {"function": "get_by_username", "class": "type", "args": "('johndoe12',)", "kwargs": {}, "status": "success", "result": "None"}
2024-10-20 22:20:23,563 - hbnb_models - INFO - {"function": "get_by_email", "class": "type", "args": "('john12.doe@example.com',)", "kwargs": {}, "status": "success", "result": "None"}
2024-10-20 22:20:23,564 - hbnb_models - INFO - {"function": "_validate_username", "class": "str", "args": "()", "kwargs": {}, "status": "success", "result": "johndoe12"}
2024-10-20 22:20:23,564 - hbnb_models - INFO - {"function": "_validate_email", "class": "str", "args": "()", "kwargs": {}, "status": "success", "result": "john12.doe@example.com"}
2024-10-20 22:20:44,991 - hbnb_models - INFO - {"function": "get_by_username", "class": "type", "args": "('johndoe12',)", "kwargs": {}, "status": "success", "result": "None"}
2024-10-20 22:20:44,991 - hbnb_models - INFO - {"function": "get_by_email", "class": "type", "args": "('john12.doe@example.com',)", "kwargs": {}, "status": "success", "result": "None"}
2024-10-20 22:20:44,991 - hbnb_models - INFO - {"function": "_validate_username", "class": "str", "args": "()", "kwargs": {}, "status": "success", "result": "johndoe12"}
2024-10-20 22:20:44,991 - hbnb_models - INFO - {"function": "_validate_email", "class": "str", "args": "()", "kwargs": {}, "status": "success", "result": "john12.doe@example.com"}
2024-10-20 22:21:04,735 - hbnb_models - INFO - {"function": "get_by_username", "class": "type", "args": "('johndoe12',)", "kwargs": {}, "status": "success", "result": "None"}
2024-10-20 22:21:04,735 - hbnb_models - INFO - {"function": "get_by_email", "class": "type", "args": "('john12.doe@example.com',)", "kwargs": {}, "status": "success", "result": "None"}
2024-10-20 22:21:04,736 - hbnb_models - INFO - {"function": "_validate_username", "class": "str", "args": "()", "kwargs": {}, "status": "success", "result": "johndoe12"}
2024-10-20 22:21:04,736 - hbnb_models - INFO - {"function": "_validate_email", "class": "str", "args": "()", "kwargs": {}, "status": "success", "result": "john12.doe@example.com"}
2024-10-20 22:21:18,777 - hbnb_models - INFO - {"function": "get_by_username", "class": "type", "args": "('johndoe12',)", "kwargs": {}, "status": "success", "result": "None"}
2024-10-20 22:21:18,777 - hbnb_models - INFO - {"function": "get_by_email", "class": "type", "args": "('john12.doe@example.com',)", "kwargs": {}, "status": "success", "result": "None"}
2024-10-20 22:21:18,778 - hbnb_models - INFO - {"function": "_validate_username", "class": "str", "args": "()", "kwargs": {}, "status": "success", "result": "johndoe12"}
2024-10-20 22:21:18,778 - hbnb_models - INFO - {"function": "_validate_email", "class": "str", "args": "()", "kwargs": {}, "status": "success", "result": "john12.doe@example.com"}
2024-10-20 22:21:18,778 - hbnb_models - INFO - {"function": "_validate_password", "class": "str", "args": "()", "kwargs": {}, "status": "success", "result": "v3ryvEry$ecurepassword"}
2024-10-20 22:21:18,913 - hbnb_models - INFO - {"function": "hash_password", "class": "User", "args": "('v3ryvEry$ecurepassword',)", "kwargs": {}, "status": "success", "result": "scrypt:32768:8:1$wvu11b5mU4onlUfu$14c6e39a07c7cbd732d334e75867d8927bbb636e6070f77512d4e4678f2ef324f7717decb8f2aa9721e79cd2e41dc3a8d622a7be84e1075d78d1cf2836e352df"}
2024-10-20 22:21:18,913 - hbnb_models - INFO - {"function": "_validate_name", "class": "str", "args": "('First name',)", "kwargs": {}, "status": "success", "result": "John"}
2024-10-20 22:21:18,914 - hbnb_models - INFO - {"function": "_validate_name", "class": "str", "args": "('Last name',)", "kwargs": {}, "status": "success", "result": "Doe"}
2024-10-20 22:21:18,914 - hbnb_models - INFO - {"function": "_validate_phone_number", "class": "str", "args": "()", "kwargs": {}, "status": "success", "result": "1234567890"}
2024-10-20 22:21:18,914 - hbnb_models - INFO - {"function": "__init__", "class": "User", "args": "('johndoe12', 'john12.doe@example.com', 'v3ryvEry$ecurepassword', 'John', 'Doe', '1234567890')", "kwargs": {}, "status": "success", "result": "None"}
2024-10-20 22:21:18,915 - hbnb_models - INFO - {"function": "create", "class": "type", "args": "()", "kwargs": {"username": "johndoe12", "email": "john12.doe@example.com", "first_name": "John", "last_name": "Doe", "phone_number": "1234567890"}, "status": "success", "result": "<app.models.user.User object at 0x7f722de5d8a0>"}
2024-10-20 22:21:49,231 - hbnb_models - INFO - {"function": "get_by_username", "class": "type", "args": "('johndoe12',)", "kwargs": {}, "status": "success", "result": "None"}
2024-10-20 22:21:49,231 - hbnb_models - INFO - {"function": "get_by_email", "class": "type", "args": "('john12.doe@example.com',)", "kwargs": {}, "status": "success", "result": "None"}
2024-10-20 22:21:49,231 - hbnb_models - INFO - {"function": "__init__", "class": "User", "args": "()", "kwargs": {}, "status": "success", "result": "None"}
2024-10-20 22:21:49,232 - hbnb_models - INFO - {"function": "_validate_username", "class": "str", "args": "()", "kwargs": {}, "status": "success", "result": "johndoe12"}
2024-10-20 22:21:49,232 - hbnb_models - INFO - {"function": "_validate_email", "class": "str", "args": "()", "kwargs": {}, "status": "success", "result": "john12.doe@example.com"}
2024-10-20 22:21:49,233 - hbnb_models - INFO - {"function": "_validate_password", "class": "str", "args": "()", "kwargs": {}, "status": "success", "result": "v3ryvEry$ecurepassword"}
2024-10-20 22:21:49,371 - hbnb_models - INFO - {"function": "hash_password", "class": "User", "args": "('v3ryvEry$ecurepassword',)", "kwargs": {}, "status": "success", "result": "scrypt:32768:8:1$V2W04QCCVVRkjvtp$f3e3a78cc45569cda251a627c89930fd6f887bd4b672cc1a2a8e2bb3955e1ec27a5d4b7d7cf9cebe10462f4fe2ea408988e762f21d8e2e52509b801110c49cd4"}
2024-10-20 22:21:49,372 - hbnb_models - INFO - {"function": "_validate_name", "class": "str", "args": "('First name',)", "kwargs": {}, "status": "success", "result": "John"}
2024-10-20 22:21:49,372 - hbnb_models - INFO - {"function": "_validate_name", "class": "str", "args": "('Last name',)", "kwargs": {}, "status": "success", "result": "Doe"}
2024-10-20 22:21:49,372 - hbnb_models - INFO - {"function": "_validate_phone_number", "class": "str", "args": "()", "kwargs": {}, "status": "success", "result": "1234567890"}
2024-10-20 22:21:49,372 - hbnb_models - INFO - {"function": "__init__", "class": "User", "args": "('johndoe12', 'john12.doe@example.com', 'v3ryvEry$ecurepassword', 'John', 'Doe', '1234567890')", "kwargs": {}, "status": "success", "result": "None"}
2024-10-20 22:21:49,372 - hbnb_models - INFO - {"function": "create", "class": "type", "args": "()", "kwargs": {"username": "johndoe12", "email": "john12.doe@example.com", "first_name": "John", "last_name": "Doe", "phone_number": "1234567890"}, "status": "success", "result": "<app.models.user.User object at 0x7fe265742290>"}
2024-10-20 22:29:17,387 - hbnb_models - INFO - {"function": "get_by_username", "class": "type", "args": "('johndoe12',)", "kwargs": {}, "status": "success", "result": "None"}
2024-10-20 22:29:17,387 - hbnb_models - INFO - {"function": "get_by_email", "class": "type", "args": "('john12.doe@example.com',)", "kwargs": {}, "status": "success", "result": "None"}
2024-10-20 22:29:17,387 - hbnb_models - INFO - {"function": "__init__", "class": "User", "args": "()", "kwargs": {}, "status": "success", "result": "None"}
2024-10-20 22:29:17,388 - hbnb_models - INFO - {"function": "_validate_username", "class": "str", "args": "()", "kwargs": {}, "status": "success", "result": "johndoe12"}
2024-10-20 22:29:17,388 - hbnb_models - INFO - {"function": "_validate_email", "class": "str", "args": "()", "kwargs": {}, "status": "success", "result": "john12.doe@example.com"}
2024-10-20 22:29:17,388 - hbnb_models - INFO - {"function": "_validate_password", "class": "str", "args": "()", "kwargs": {}, "status": "success", "result": "v3ryvEry$ecurepassword"}
2024-10-20 22:29:17,525 - hbnb_models - INFO - {"function": "hash_password", "class": "User", "args": "('v3ryvEry$ecurepassword',)", "kwargs": {}, "status": "success", "result": "scrypt:32768:8:1$VqzYHJnwWIEXV1XO$8c402a7bf43c78bb1384c41e23aa84f6192a294b25bffea2444b8cf2c27d0679d1fd23362ccd56869473667ee6b0903537715622ed95d02fc6da2c4c6317e0fd"}
2024-10-20 22:29:17,526 - hbnb_models - INFO - {"function": "_validate_name", "class": "str", "args": "('First name',)", "kwargs": {}, "status": "success", "result": "John"}
2024-10-20 22:29:17,526 - hbnb_models - INFO - {"function": "_validate_name", "class": "str", "args": "('Last name',)", "kwargs": {}, "status": "success", "result": "Doe"}
2024-10-20 22:29:17,526 - hbnb_models - INFO - {"function": "_validate_phone_number", "class": "str", "args": "()", "kwargs": {}, "status": "success", "result": "1234567890"}
2024-10-20 22:29:17,526 - hbnb_models - INFO - {"function": "__init__", "class": "User", "args": "('johndoe12', 'john12.doe@example.com', 'v3ryvEry$ecurepassword', 'John', 'Doe', '1234567890')", "kwargs": {}, "status": "success", "result": "None"}
2024-10-20 22:29:17,527 - hbnb_models - INFO - {"function": "create", "class": "type", "args": "()", "kwargs": {"username": "johndoe12", "email": "john12.doe@example.com", "first_name": "John", "last_name": "Doe", "phone_number": "1234567890"}, "status": "success", "result": "<app.models.user.User object at 0x7fc2aa8025f0>"}
2024-10-20 22:29:34,604 - hbnb_models - INFO - {"function": "get_by_id", "class": "type", "args": "('358af03f-9c72-4c89-85cd-4ad5cb965bd5',)", "kwargs": {}, "status": "success", "result": "<app.models.user.User object at 0x7fc2aa8025f0>"}
2024-10-20 22:29:34,604 - hbnb_models - INFO - {"function": "delete", "class": "User", "args": "()", "kwargs": {}, "status": "success", "result": "None"}
2024-10-20 22:31:00,990 - hbnb_models - INFO - {"function": "get_all", "class": "type", "args": "()", "kwargs": {}, "status": "success", "result": "[]"}
2024-10-20 22:31:06,669 - hbnb_models - INFO - {"function": "get_by_username", "class": "type", "args": "('johndoe12',)", "kwargs": {}, "status": "success", "result": "None"}
2024-10-20 22:31:06,670 - hbnb_models - INFO - {"function": "get_by_email", "class": "type", "args": "('john12.doe@example.com',)", "kwargs": {}, "status": "success", "result": "None"}
2024-10-20 22:31:06,670 - hbnb_models - INFO - {"function": "__init__", "class": "User", "args": "()", "kwargs": {}, "status": "success", "result": "None"}
2024-10-20 22:31:06,670 - hbnb_models - INFO - {"function": "_validate_username", "class": "str", "args": "()", "kwargs": {}, "status": "success", "result": "johndoe12"}
2024-10-20 22:31:06,671 - hbnb_models - INFO - {"function": "_validate_email", "class": "str", "args": "()", "kwargs": {}, "status": "success", "result": "john12.doe@example.com"}
2024-10-20 22:31:06,671 - hbnb_models - INFO - {"function": "_validate_password", "class": "str", "args": "()", "kwargs": {}, "status": "success", "result": "v3ryvEry$ecurepassword"}
2024-10-20 22:31:06,817 - hbnb_models - INFO - {"function": "hash_password", "class": "User", "args": "('v3ryvEry$ecurepassword',)", "kwargs": {}, "status": "success", "result": "scrypt:32768:8:1$RbCYe4vx0kEtl8fE$cce703ad286ae6a2ae3cdb71fd59f05ab9020dc4fe214d0962b9a9ae3d86494935b64440099a0377860f4e026a46bee007a63d304fe34c35ebd18788df6764e9"}
2024-10-20 22:31:06,818 - hbnb_models - INFO - {"function": "_validate_name", "class": "str", "args": "('First name',)", "kwargs": {}, "status": "success", "result": "John"}
2024-10-20 22:31:06,818 - hbnb_models - INFO - {"function": "_validate_name", "class": "str", "args": "('Last name',)", "kwargs": {}, "status": "success", "result": "Doe"}
2024-10-20 22:31:06,818 - hbnb_models - INFO - {"function": "_validate_phone_number", "class": "str", "args": "()", "kwargs": {}, "status": "success", "result": "1234567890"}
2024-10-20 22:31:06,819 - hbnb_models - INFO - {"function": "__init__", "class": "User", "args": "('johndoe12', 'john12.doe@example.com', 'v3ryvEry$ecurepassword', 'John', 'Doe', '1234567890')", "kwargs": {}, "status": "success", "result": "None"}
2024-10-20 22:31:06,819 - hbnb_models - INFO - {"function": "create", "class": "type", "args": "()", "kwargs": {"username": "johndoe12", "email": "john12.doe@example.com", "first_name": "John", "last_name": "Doe", "phone_number": "1234567890"}, "status": "success", "result": "<app.models.user.User object at 0x7fc2aa8026b0>"}
2024-10-20 22:31:09,786 - hbnb_models - INFO - {"function": "get_all", "class": "type", "args": "()", "kwargs": {}, "status": "success", "result": "[<app.models.user.User object at 0x7fc2aa8026b0>]"}
2024-10-20 22:31:31,007 - hbnb_models - INFO - {"function": "get_by_username", "class": "type", "args": "('johndoe13',)", "kwargs": {}, "status": "success", "result": "None"}
2024-10-20 22:31:31,008 - hbnb_models - INFO - {"function": "get_by_email", "class": "type", "args": "('john13.doe@example.com',)", "kwargs": {}, "status": "success", "result": "None"}
2024-10-20 22:31:31,008 - hbnb_models - INFO - {"function": "__init__", "class": "User", "args": "()", "kwargs": {}, "status": "success", "result": "None"}
2024-10-20 22:31:31,009 - hbnb_models - INFO - {"function": "_validate_username", "class": "str", "args": "()", "kwargs": {}, "status": "success", "result": "johndoe13"}
2024-10-20 22:31:31,009 - hbnb_models - INFO - {"function": "_validate_email", "class": "str", "args": "()", "kwargs": {}, "status": "success", "result": "john13.doe@example.com"}
2024-10-20 22:31:31,009 - hbnb_models - INFO - {"function": "_validate_password", "class": "str", "args": "()", "kwargs": {}, "status": "success", "result": "v3ryvEry$ecurepassword"}
2024-10-20 22:31:31,153 - hbnb_models - INFO - {"function": "hash_password", "class": "User", "args": "('v3ryvEry$ecurepassword',)", "kwargs": {}, "status": "success", "result": "scrypt:32768:8:1$T0o6kbkfHvoeoFrj$e508ebae1c80df0da94b665a1e7c8e497b8110769546df83a0695a7170d9618a5f5020d97d4a100c9b3b522629e8d9d80d9b09f822cf9375ecc907780b88ddc0"}
2024-10-20 22:31:31,153 - hbnb_models - INFO - {"function": "_validate_name", "class": "str", "args": "('First name',)", "kwargs": {}, "status": "success", "result": "John"}
2024-10-20 22:31:31,153 - hbnb_models - INFO - {"function": "_validate_name", "class": "str", "args": "('Last name',)", "kwargs": {}, "status": "success", "result": "Doe"}
2024-10-20 22:31:31,154 - hbnb_models - INFO - {"function": "_validate_phone_number", "class": "str", "args": "()", "kwargs": {}, "status": "success", "result": "1234567890"}
2024-10-20 22:31:31,154 - hbnb_models - INFO - {"function": "__init__", "class": "User", "args": "('johndoe13', 'john13.doe@example.com', 'v3ryvEry$ecurepassword', 'John', 'Doe', '1234567890')", "kwargs": {}, "status": "success", "result": "None"}
2024-10-20 22:31:31,154 - hbnb_models - INFO - {"function": "create", "class": "type", "args": "()", "kwargs": {"username": "johndoe13", "email": "john13.doe@example.com", "first_name": "John", "last_name": "Doe", "phone_number": "1234567890"}, "status": "success", "result": "<app.models.user.User object at 0x7fc2aa802b00>"}
2024-10-20 22:31:34,015 - hbnb_models - INFO - {"function": "get_all", "class": "type", "args": "()", "kwargs": {}, "status": "success", "result": "[<app.models.user.User object at 0x7fc2aa8026b0>, <app.models.user.User object at 0x7fc2aa802b00>]"}
2024-10-20 22:31:52,147 - hbnb_models - INFO - {"function": "get_by_id", "class": "type", "args": "('47c7b368-1e88-49fc-8f43-c02996e3ca75',)", "kwargs": {}, "status": "success", "result": "<app.models.user.User object at 0x7fc2aa802b00>"}
2024-10-20 22:31:52,148 - hbnb_models - INFO - {"function": "delete", "class": "User", "args": "()", "kwargs": {}, "status": "success", "result": "None"}
2024-10-20 22:31:59,389 - hbnb_models - INFO - {"function": "get_all", "class": "type", "args": "()", "kwargs": {}, "status": "success", "result": "[<app.models.user.User object at 0x7fc2aa8026b0>]"}
2024-10-20 22:35:41,073 - hbnb_models - INFO - {"function": "get_by_id", "class": "type", "args": "('4bf847ab-1721-4007-b1ab-fc2cb65c9974',)", "kwargs": {}, "status": "success", "result": "<app.models.user.User object at 0x7fc2aa8026b0>"}
2024-10-20 22:35:41,073 - hbnb_models - INFO - {"function": "delete", "class": "User", "args": "()", "kwargs": {}, "status": "success", "result": "None"}
2024-10-20 22:35:46,569 - hbnb_models - INFO - {"function": "get_all", "class": "type", "args": "()", "kwargs": {}, "status": "success", "result": "[]"}
2024-10-20 22:37:03,286 - hbnb_models - INFO - {"function": "get_by_username", "class": "type", "args": "('johndoe13',)", "kwargs": {}, "status": "success", "result": "None"}
2024-10-20 22:37:03,287 - hbnb_models - INFO - {"function": "get_by_email", "class": "type", "args": "('john13.doe@example.com',)", "kwargs": {}, "status": "success", "result": "None"}
2024-10-20 22:37:03,287 - hbnb_models - INFO - {"function": "__init__", "class": "User", "args": "()", "kwargs": {}, "status": "success", "result": "None"}
2024-10-20 22:37:03,287 - hbnb_models - INFO - {"function": "_validate_username", "class": "str", "args": "()", "kwargs": {}, "status": "success", "result": "johndoe13"}
2024-10-20 22:37:03,287 - hbnb_models - INFO - {"function": "_validate_email", "class": "str", "args": "()", "kwargs": {}, "status": "success", "result": "john13.doe@example.com"}
2024-10-20 22:37:03,288 - hbnb_models - INFO - {"function": "_validate_password", "class": "str", "args": "()", "kwargs": {}, "status": "success", "result": "v3ryvEry$ecurepassword"}
2024-10-20 22:37:03,422 - hbnb_models - INFO - {"function": "hash_password", "class": "User", "args": "('v3ryvEry$ecurepassword',)", "kwargs": {}, "status": "success", "result": "scrypt:32768:8:1$wmtDNdrEzHys6SwO$91ac470fe4dd2e57a74002899c069c5e28cdd1b9bfa653c610819ff1b01d76d0c3fc581efebc8e0bf49f4a2df4b27c8796ea662d683224884a98adfae0636c65"}
2024-10-20 22:37:03,422 - hbnb_models - INFO - {"function": "_validate_name", "class": "str", "args": "('First name',)", "kwargs": {}, "status": "success", "result": "John"}
2024-10-20 22:37:03,423 - hbnb_models - INFO - {"function": "_validate_name", "class": "str", "args": "('Last name',)", "kwargs": {}, "status": "success", "result": "Doe"}
2024-10-20 22:37:03,423 - hbnb_models - INFO - {"function": "_validate_phone_number", "class": "str", "args": "()", "kwargs": {}, "status": "success", "result": "1234567890"}
2024-10-20 22:37:03,423 - hbnb_models - INFO - {"function": "__init__", "class": "User", "args": "('johndoe13', 'john13.doe@example.com', 'v3ryvEry$ecurepassword', 'John', 'Doe', '1234567890')", "kwargs": {}, "status": "success", "result": "None"}
2024-10-20 22:37:03,423 - hbnb_models - INFO - {"function": "create", "class": "type", "args": "()", "kwargs": {"username": "johndoe13", "email": "john13.doe@example.com", "first_name": "John", "last_name": "Doe", "phone_number": "1234567890"}, "status": "success", "result": "<app.models.user.User object at 0x7fc2aa802530>"}
2024-10-20 22:37:25,170 - hbnb_models - INFO - {"function": "get_by_id", "class": "type", "args": "('4976dbbe-7305-4af5-aa71-73bae7b6fee1',)", "kwargs": {}, "status": "success", "result": "<app.models.user.User object at 0x7fc2aa802530>"}
2024-10-20 22:37:25,170 - hbnb_models - INFO - {"function": "delete", "class": "User", "args": "()", "kwargs": {}, "status": "success", "result": "None"}
2024-10-20 22:41:49,866 - hbnb_models - INFO - {"function": "get_by_username", "class": "type", "args": "('johndoe13',)", "kwargs": {}, "status": "success", "result": "None"}
2024-10-20 22:41:49,866 - hbnb_models - INFO - {"function": "get_by_email", "class": "type", "args": "('john13.doe@example.com',)", "kwargs": {}, "status": "success", "result": "None"}
2024-10-20 22:41:49,867 - hbnb_models - INFO - {"function": "__init__", "class": "User", "args": "()", "kwargs": {}, "status": "success", "result": "None"}
2024-10-20 22:41:49,867 - hbnb_models - INFO - {"function": "_validate_username", "class": "str", "args": "()", "kwargs": {}, "status": "success", "result": "johndoe13"}
2024-10-20 22:41:49,867 - hbnb_models - INFO - {"function": "_validate_email", "class": "str", "args": "()", "kwargs": {}, "status": "success", "result": "john13.doe@example.com"}
2024-10-20 22:41:49,868 - hbnb_models - INFO - {"function": "_validate_password", "class": "str", "args": "()", "kwargs": {}, "status": "success", "result": "v3ryvEry$ecurepassword"}
2024-10-20 22:41:50,013 - hbnb_models - INFO - {"function": "hash_password", "class": "User", "args": "('v3ryvEry$ecurepassword',)", "kwargs": {}, "status": "success", "result": "scrypt:32768:8:1$TAkFUWj2znBumu6p$7038b6ec49ef1b99d69b5cbfd61932471683df95106406d66d9cc89dbb408231301cb585fcd75a70d9c257840884eed37120e1c8a3969604b5f290cae055b462"}
2024-10-20 22:41:50,014 - hbnb_models - INFO - {"function": "_validate_name", "class": "str", "args": "('First name',)", "kwargs": {}, "status": "success", "result": "John"}
2024-10-20 22:41:50,014 - hbnb_models - INFO - {"function": "_validate_name", "class": "str", "args": "('Last name',)", "kwargs": {}, "status": "success", "result": "Doe"}
2024-10-20 22:41:50,015 - hbnb_models - INFO - {"function": "_validate_phone_number", "class": "str", "args": "()", "kwargs": {}, "status": "success", "result": "1234567890"}
2024-10-20 22:41:50,015 - hbnb_models - INFO - {"function": "__init__", "class": "User", "args": "('johndoe13', 'john13.doe@example.com', 'v3ryvEry$ecurepassword', 'John', 'Doe', '1234567890')", "kwargs": {}, "status": "success", "result": "None"}
2024-10-20 22:41:50,015 - hbnb_models - INFO - {"function": "create", "class": "type", "args": "()", "kwargs": {"username": "johndoe13", "email": "john13.doe@example.com", "first_name": "John", "last_name": "Doe", "phone_number": "1234567890"}, "status": "success", "result": "<app.models.user.User object at 0x7fc2aa8026b0>"}
2024-10-20 22:41:55,288 - hbnb_models - INFO - {"function": "get_all", "class": "type", "args": "()", "kwargs": {}, "status": "success", "result": "[<app.models.user.User object at 0x7fc2aa8026b0>]"}
2024-10-20 22:42:05,529 - hbnb_models - INFO - {"function": "get_all", "class": "type", "args": "()", "kwargs": {}, "status": "success", "result": "[<app.models.user.User object at 0x7fc2aa8026b0>]"}
2024-10-20 22:42:34,664 - hbnb_models - INFO - {"function": "get_by_id", "class": "type", "args": "('1447823e-54c1-4160-b7ff-981355002150',)", "kwargs": {}, "status": "success", "result": "<app.models.user.User object at 0x7fc2aa8026b0>"}
2024-10-20 22:42:34,664 - hbnb_models - INFO - {"function": "delete", "class": "User", "args": "()", "kwargs": {}, "status": "success", "result": "None"}
2024-10-20 22:42:37,912 - hbnb_models - INFO - {"function": "get_all", "class": "type", "args": "()", "kwargs": {}, "status": "success", "result": "[]"}
2024-10-20 22:52:12,349 - hbnb_models - INFO - {"function": "get_by_username", "class": "type", "args": "('johndoe13',)", "kwargs": {}, "status": "success", "result": "None"}
2024-10-20 22:52:12,349 - hbnb_models - INFO - {"function": "get_by_email", "class": "type", "args": "('john13.doe@example.com',)", "kwargs": {}, "status": "success", "result": "None"}
2024-10-20 22:52:12,350 - hbnb_models - INFO - {"function": "__init__", "class": "User", "args": "()", "kwargs": {}, "status": "success", "result": "None"}
2024-10-20 22:52:12,350 - hbnb_models - INFO - {"function": "_validate_username", "class": "str", "args": "()", "kwargs": {}, "status": "success", "result": "johndoe13"}
2024-10-20 22:52:12,350 - hbnb_models - INFO - {"function": "_validate_email", "class": "str", "args": "()", "kwargs": {}, "status": "success", "result": "john13.doe@example.com"}
2024-10-20 22:52:12,350 - hbnb_models - INFO - {"function": "_validate_password", "class": "str", "args": "()", "kwargs": {}, "status": "success", "result": "v3ryvEry$ecurepassword"}
2024-10-20 22:52:12,495 - hbnb_models - INFO - {"function": "hash_password", "class": "User", "args": "('v3ryvEry$ecurepassword',)", "kwargs": {}, "status": "success", "result": "scrypt:32768:8:1$cGmkLjduM7BOkXeK$4f1768bd6f5754bccef0d06b921e421c186a2d015fc269bb09eb0685cb9659354c8864a3a4182ca08e8d6e24a41bd484f45911f71f63392d41dadd59a052d528"}
2024-10-20 22:52:12,495 - hbnb_models - INFO - {"function": "_validate_name", "class": "str", "args": "('First name',)", "kwargs": {}, "status": "success", "result": "John"}
2024-10-20 22:52:12,496 - hbnb_models - INFO - {"function": "_validate_name", "class": "str", "args": "('Last name',)", "kwargs": {}, "status": "success", "result": "Doe"}
2024-10-20 22:52:12,496 - hbnb_models - INFO - {"function": "_validate_phone_number", "class": "str", "args": "()", "kwargs": {}, "status": "success", "result": "1234567890"}
2024-10-20 22:52:12,496 - hbnb_models - INFO - {"function": "__init__", "class": "User", "args": "('johndoe13', 'john13.doe@example.com', 'v3ryvEry$ecurepassword', 'John', 'Doe', '1234567890')", "kwargs": {}, "status": "success", "result": "None"}
2024-10-20 22:52:12,496 - hbnb_models - INFO - {"function": "create", "class": "type", "args": "()", "kwargs": {"username": "johndoe13", "email": "john13.doe@example.com", "first_name": "John", "last_name": "Doe", "phone_number": "1234567890"}, "status": "success", "result": "<app.models.user.User object at 0x7fc2aa802530>"}
2024-10-20 22:52:31,844 - hbnb_models - INFO - {"function": "get_by_id", "class": "type", "args": "('bef1e02c-f2ab-4671-9bf5-ba66598fae51',)", "kwargs": {}, "status": "success", "result": "<app.models.user.User object at 0x7fc2aa802530>"}
2024-10-20 22:52:31,844 - hbnb_models - INFO - {"function": "delete", "class": "User", "args": "()", "kwargs": {}, "status": "success", "result": "None"}
2024-10-20 22:52:46,227 - hbnb_models - INFO - {"function": "get_by_username", "class": "type", "args": "('johndoe13',)", "kwargs": {}, "status": "success", "result": "None"}
2024-10-20 22:52:46,227 - hbnb_models - INFO - {"function": "get_by_email", "class": "type", "args": "('john13.doe@example.com',)", "kwargs": {}, "status": "success", "result": "None"}
2024-10-20 22:52:46,228 - hbnb_models - INFO - {"function": "__init__", "class": "User", "args": "()", "kwargs": {}, "status": "success", "result": "None"}
2024-10-20 22:52:46,228 - hbnb_models - INFO - {"function": "_validate_username", "class": "str", "args": "()", "kwargs": {}, "status": "success", "result": "johndoe13"}
2024-10-20 22:52:46,229 - hbnb_models - INFO - {"function": "_validate_email", "class": "str", "args": "()", "kwargs": {}, "status": "success", "result": "john13.doe@example.com"}
2024-10-20 22:52:46,229 - hbnb_models - INFO - {"function": "_validate_password", "class": "str", "args": "()", "kwargs": {}, "status": "success", "result": "v3ryvEry$ecurepassword"}
2024-10-20 22:52:46,362 - hbnb_models - INFO - {"function": "hash_password", "class": "User", "args": "('v3ryvEry$ecurepassword',)", "kwargs": {}, "status": "success", "result": "scrypt:32768:8:1$xuYU0FDPiNMSu4fV$9dab382916e08fa10ec47772108862e325f18f63ac17e0986c17bd20f3c2f3469e95040f8e41d1ef110ae01381f8e0ab9db3cb6232fda79b0a5c7c417b355342"}
2024-10-20 22:52:46,362 - hbnb_models - INFO - {"function": "_validate_name", "class": "str", "args": "('First name',)", "kwargs": {}, "status": "success", "result": "John"}
2024-10-20 22:52:46,363 - hbnb_models - INFO - {"function": "_validate_name", "class": "str", "args": "('Last name',)", "kwargs": {}, "status": "success", "result": "Doe"}
2024-10-20 22:52:46,363 - hbnb_models - INFO - {"function": "_validate_phone_number", "class": "str", "args": "()", "kwargs": {}, "status": "success", "result": "1234567890"}
2024-10-20 22:52:46,363 - hbnb_models - INFO - {"function": "__init__", "class": "User", "args": "('johndoe13', 'john13.doe@example.com', 'v3ryvEry$ecurepassword', 'John', 'Doe', '1234567890')", "kwargs": {}, "status": "success", "result": "None"}
2024-10-20 22:52:46,363 - hbnb_models - INFO - {"function": "create", "class": "type", "args": "()", "kwargs": {"username": "johndoe13", "email": "john13.doe@example.com", "first_name": "John", "last_name": "Doe", "phone_number": "1234567890"}, "status": "success", "result": "<app.models.user.User object at 0x7f8484082440>"}
2024-10-20 22:52:54,122 - hbnb_models - INFO - {"function": "get_all", "class": "type", "args": "()", "kwargs": {}, "status": "success", "result": "[<app.models.user.User object at 0x7f8484082440>]"}
2024-10-20 22:53:23,997 - hbnb_models - INFO - {"function": "get_by_id", "class": "type", "args": "('b7c3b65d-f787-4ddb-a623-2a851b03531a',)", "kwargs": {}, "status": "success", "result": "<app.models.user.User object at 0x7f8484082440>"}
2024-10-20 22:53:23,997 - hbnb_models - INFO - {"function": "delete", "class": "User", "args": "()", "kwargs": {}, "status": "success", "result": "True"}
2024-10-20 23:03:39,905 - hbnb_models - INFO - {"function": "get_by_username", "class": "type", "args": "('johndoe13',)", "kwargs": {}, "status": "success", "result": "None"}
2024-10-20 23:03:39,905 - hbnb_models - INFO - {"function": "get_by_email", "class": "type", "args": "('john13.doe@example.com',)", "kwargs": {}, "status": "success", "result": "None"}
2024-10-20 23:03:39,906 - hbnb_models - INFO - {"function": "__init__", "class": "User", "args": "()", "kwargs": {}, "status": "success", "result": "None"}
2024-10-20 23:03:39,906 - hbnb_models - INFO - {"function": "_validate_username", "class": "str", "args": "()", "kwargs": {}, "status": "success", "result": "johndoe13"}
2024-10-20 23:03:39,906 - hbnb_models - INFO - {"function": "_validate_email", "class": "str", "args": "()", "kwargs": {}, "status": "success", "result": "john13.doe@example.com"}
2024-10-20 23:03:39,907 - hbnb_models - INFO - {"function": "_validate_password", "class": "str", "args": "()", "kwargs": {}, "status": "success", "result": "v3ryvEry$ecurepassword"}
2024-10-20 23:03:40,048 - hbnb_models - INFO - {"function": "hash_password", "class": "User", "args": "('v3ryvEry$ecurepassword',)", "kwargs": {}, "status": "success", "result": "scrypt:32768:8:1$MvHsoKdbBJH516I1$ad12e5b0c8ded56201431a59e34f162b99a089ca8555e3839087787470a2b0e59e0a69b5b2a2b489bb8065ef9f6bacb96b47676276a6e87e3419c97bfa6571cb"}
2024-10-20 23:03:40,048 - hbnb_models - INFO - {"function": "_validate_name", "class": "str", "args": "('First name',)", "kwargs": {}, "status": "success", "result": "John"}
2024-10-20 23:03:40,049 - hbnb_models - INFO - {"function": "_validate_name", "class": "str", "args": "('Last name',)", "kwargs": {}, "status": "success", "result": "Doe"}
2024-10-20 23:03:40,049 - hbnb_models - INFO - {"function": "_validate_phone_number", "class": "str", "args": "()", "kwargs": {}, "status": "success", "result": "1234567890"}
2024-10-20 23:03:40,049 - hbnb_models - INFO - {"function": "__init__", "class": "User", "args": "('johndoe13', 'john13.doe@example.com', 'v3ryvEry$ecurepassword', 'John', 'Doe', '1234567890')", "kwargs": {}, "status": "success", "result": "None"}
2024-10-20 23:03:40,049 - hbnb_models - INFO - {"function": "create", "class": "type", "args": "()", "kwargs": {"username": "johndoe13", "email": "john13.doe@example.com", "first_name": "John", "last_name": "Doe", "phone_number": "1234567890"}, "status": "success", "result": "<app.models.user.User object at 0x7f51847f2440>"}
2024-10-20 23:03:44,682 - hbnb_models - INFO - {"function": "get_all", "class": "type", "args": "()", "kwargs": {}, "status": "success", "result": "[<app.models.user.User object at 0x7f51847f2440>]"}
2024-10-20 23:04:03,076 - hbnb_models - INFO - {"function": "get_by_id", "class": "type", "args": "('ab4d09b3-a1dd-4264-a071-0ff1944d4985',)", "kwargs": {}, "status": "success", "result": "<app.models.user.User object at 0x7f51847f2440>"}
2024-10-20 23:04:03,076 - hbnb_models - INFO - {"function": "delete", "class": "User", "args": "()", "kwargs": {}, "status": "success", "result": "True"}
