2024-10-20 20:46:52,948 - hbnb_models - ERROR - {"function": "__init__", "class": "User", "args": "()", "kwargs": {}, "status": "error", "error": "module 'datetime' has no attribute 'now'"}
2024-10-20 20:46:52,951 - hbnb_models - ERROR - {"function": "__init__", "class": "User", "args": "('testuser', 'test@example.com', 'password123', 'Test', 'User', None)", "kwargs": {}, "status": "error", "error": "module 'datetime' has no attribute 'now'"}
2024-10-20 20:46:52,951 - hbnb_models - ERROR - {"function": "create", "class": "type", "args": "()", "kwargs": {"username": "testuser", "email": "test@example.com", "first_name": "Test", "last_name": "User"}, "status": "error", "error": "module 'datetime' has no attribute 'now'"}
2024-10-20 20:46:52,954 - hbnb_models - ERROR - {"function": "__init__", "class": "User", "args": "()", "kwargs": {}, "status": "error", "error": "module 'datetime' has no attribute 'now'"}
2024-10-20 20:46:52,955 - hbnb_models - ERROR - {"function": "__init__", "class": "User", "args": "('testuser', 'test@example.com', 'password123', 'Test', 'User', None)", "kwargs": {}, "status": "error", "error": "module 'datetime' has no attribute 'now'"}
2024-10-20 20:46:52,955 - hbnb_models - ERROR - {"function": "create", "class": "type", "args": "()", "kwargs": {"username": "testuser", "email": "test@example.com", "first_name": "Test", "last_name": "User"}, "status": "error", "error": "module 'datetime' has no attribute 'now'"}
2024-10-20 20:46:52,957 - hbnb_models - ERROR - {"function": "__init__", "class": "User", "args": "()", "kwargs": {}, "status": "error", "error": "module 'datetime' has no attribute 'now'"}
2024-10-20 20:46:52,957 - hbnb_models - ERROR - {"function": "__init__", "class": "User", "args": "('testuser', 'test@example.com', 'password123', 'Test', 'User', None)", "kwargs": {}, "status": "error", "error": "module 'datetime' has no attribute 'now'"}
2024-10-20 20:46:52,958 - hbnb_models - ERROR - {"function": "create", "class": "type", "args": "()", "kwargs": {"username": "testuser", "email": "test@example.com", "first_name": "Test", "last_name": "User"}, "status": "error", "error": "module 'datetime' has no attribute 'now'"}
2024-10-20 20:46:52,961 - hbnb_models - ERROR - {"function": "__init__", "class": "User", "args": "()", "kwargs": {}, "status": "error", "error": "module 'datetime' has no attribute 'now'"}
2024-10-20 20:46:52,962 - hbnb_models - ERROR - {"function": "__init__", "class": "User", "args": "('testuser', 'test@example.com', 'password123', 'Test', 'User', None)", "kwargs": {}, "status": "error", "error": "module 'datetime' has no attribute 'now'"}
2024-10-20 20:46:52,962 - hbnb_models - ERROR - {"function": "create", "class": "type", "args": "()", "kwargs": {"username": "testuser", "email": "test@example.com", "first_name": "Test", "last_name": "User"}, "status": "error", "error": "module 'datetime' has no attribute 'now'"}
2024-10-20 20:46:52,965 - hbnb_models - ERROR - {"function": "__init__", "class": "User", "args": "()", "kwargs": {}, "status": "error", "error": "module 'datetime' has no attribute 'now'"}
2024-10-20 20:46:52,966 - hbnb_models - ERROR - {"function": "__init__", "class": "User", "args": "('testuser', 'test@example.com', 'password123', 'Test', 'User', None)", "kwargs": {}, "status": "error", "error": "module 'datetime' has no attribute 'now'"}
2024-10-20 20:46:52,966 - hbnb_models - ERROR - {"function": "create", "class": "type", "args": "()", "kwargs": {"username": "testuser", "email": "test@example.com", "first_name": "Test", "last_name": "User"}, "status": "error", "error": "module 'datetime' has no attribute 'now'"}
2024-10-20 20:46:52,969 - hbnb_models - ERROR - {"function": "__init__", "class": "User", "args": "()", "kwargs": {}, "status": "error", "error": "module 'datetime' has no attribute 'now'"}
2024-10-20 20:46:52,969 - hbnb_models - ERROR - {"function": "__init__", "class": "User", "args": "('testuser', 'test@example.com', 'password123', 'Test', 'User', None)", "kwargs": {}, "status": "error", "error": "module 'datetime' has no attribute 'now'"}
2024-10-20 20:46:52,969 - hbnb_models - ERROR - {"function": "create", "class": "type", "args": "()", "kwargs": {"username": "testuser", "email": "test@example.com", "first_name": "Test", "last_name": "User"}, "status": "error", "error": "module 'datetime' has no attribute 'now'"}
2024-10-20 20:46:52,971 - hbnb_models - ERROR - {"function": "__init__", "class": "User", "args": "()", "kwargs": {}, "status": "error", "error": "module 'datetime' has no attribute 'now'"}
2024-10-20 20:46:52,971 - hbnb_models - ERROR - {"function": "__init__", "class": "User", "args": "('testuser', 'test@example.com', 'password123', 'Test', 'User', None)", "kwargs": {}, "status": "error", "error": "module 'datetime' has no attribute 'now'"}
2024-10-20 20:46:52,972 - hbnb_models - ERROR - {"function": "create", "class": "type", "args": "()", "kwargs": {"username": "testuser", "email": "test@example.com", "first_name": "Test", "last_name": "User"}, "status": "error", "error": "module 'datetime' has no attribute 'now'"}
2024-10-20 20:46:52,973 - hbnb_models - ERROR - {"function": "__init__", "class": "User", "args": "()", "kwargs": {}, "status": "error", "error": "module 'datetime' has no attribute 'now'"}
2024-10-20 20:46:52,973 - hbnb_models - ERROR - {"function": "__init__", "class": "User", "args": "('testuser', 'test@example.com', 'password123', 'Test', 'User', None)", "kwargs": {}, "status": "error", "error": "module 'datetime' has no attribute 'now'"}
2024-10-20 20:46:52,974 - hbnb_models - ERROR - {"function": "create", "class": "type", "args": "()", "kwargs": {"username": "testuser", "email": "test@example.com", "first_name": "Test", "last_name": "User"}, "status": "error", "error": "module 'datetime' has no attribute 'now'"}
2024-10-20 20:46:52,978 - hbnb_models - ERROR - {"function": "__init__", "class": "User", "args": "()", "kwargs": {}, "status": "error", "error": "module 'datetime' has no attribute 'now'"}
2024-10-20 20:46:52,979 - hbnb_models - ERROR - {"function": "__init__", "class": "User", "args": "('testuser', 'test@example.com', 'password123', 'Test', 'User', None)", "kwargs": {}, "status": "error", "error": "module 'datetime' has no attribute 'now'"}
2024-10-20 20:46:52,979 - hbnb_models - ERROR - {"function": "create", "class": "type", "args": "()", "kwargs": {"username": "testuser", "email": "test@example.com", "first_name": "Test", "last_name": "User"}, "status": "error", "error": "module 'datetime' has no attribute 'now'"}
2024-10-20 20:47:09,203 - hbnb_models - ERROR - {"function": "create", "class": "type", "args": "()", "kwargs": {"email": "test@example.com", "username": "testuser"}, "status": "error", "error": "User.create() missing 2 required positional arguments: 'first_name' and 'last_name'"}
2024-10-20 20:47:09,209 - hbnb_models - ERROR - {"function": "create", "class": "type", "args": "()", "kwargs": {"username": "testuser"}, "status": "error", "error": "User.create() missing 3 required positional arguments: 'email', 'first_name', and 'last_name'"}
2024-10-20 20:47:09,211 - hbnb_models - ERROR - {"function": "create", "class": "type", "args": "()", "kwargs": {"email": "invalid_email", "username": "testuser"}, "status": "error", "error": "User.create() missing 2 required positional arguments: 'first_name' and 'last_name'"}
2024-10-20 20:47:09,214 - hbnb_models - ERROR - {"function": "create", "class": "type", "args": "()", "kwargs": {"email": "test@example.com", "username": "aaaaaaaaaaaaaaaaaaaaaaaaaaaaaaaaaaaaaaaaaaaaaaaaaaaaaaaaaaaaaaaaaaaaaaaaaaaaaaaaaaaaaaaaaaaaaaaaaaaaa"}, "status": "error", "error": "User.create() missing 2 required positional arguments: 'first_name' and 'last_name'"}
2024-10-20 20:47:09,218 - hbnb_models - ERROR - {"function": "create", "class": "type", "args": "()", "kwargs": {"username": "testuser"}, "status": "error", "error": "User.create() missing 3 required positional arguments: 'email', 'first_name', and 'last_name'"}
2024-10-20 20:47:09,221 - hbnb_models - ERROR - {"function": "__init__", "class": "User", "args": "()", "kwargs": {}, "status": "error", "error": "module 'datetime' has no attribute 'now'"}
2024-10-20 20:47:09,222 - hbnb_models - ERROR - {"function": "__init__", "class": "User", "args": "('testuser', 'test@example.com', 'password123', 'Test', 'User', None)", "kwargs": {}, "status": "error", "error": "module 'datetime' has no attribute 'now'"}
2024-10-20 20:47:09,223 - hbnb_models - ERROR - {"function": "create", "class": "type", "args": "()", "kwargs": {"email": "test@example.com", "first_name": "Test", "last_name": "User", "username": "testuser"}, "status": "error", "error": "module 'datetime' has no attribute 'now'"}
2024-10-20 20:47:09,228 - hbnb_models - ERROR - {"function": "create", "class": "type", "args": "()", "kwargs": {"email": "test@example.com", "username": "testuser"}, "status": "error", "error": "User.create() missing 2 required positional arguments: 'first_name' and 'last_name'"}
2024-10-20 20:47:09,234 - hbnb_models - ERROR - {"function": "create", "class": "type", "args": "()", "kwargs": {"email": "user1@example.com", "username": "user1"}, "status": "error", "error": "User.create() missing 2 required positional arguments: 'first_name' and 'last_name'"}
2024-10-20 20:47:09,240 - hbnb_models - ERROR - {"function": "create", "class": "type", "args": "()", "kwargs": {"email": "test@example.com", "username": "testuser"}, "status": "error", "error": "User.create() missing 2 required positional arguments: 'first_name' and 'last_name'"}
2024-10-20 20:47:09,247 - hbnb_models - ERROR - {"function": "create", "class": "type", "args": "()", "kwargs": {"email": "test@example.com", "username": "testuser"}, "status": "error", "error": "User.create() missing 2 required positional arguments: 'first_name' and 'last_name'"}
2024-10-20 20:47:09,250 - hbnb_models - ERROR - {"function": "create", "class": "type", "args": "()", "kwargs": {"email": "test@example.com", "username": "testuser"}, "status": "error", "error": "User.create() missing 2 required positional arguments: 'first_name' and 'last_name'"}
2024-10-20 20:47:09,253 - hbnb_models - ERROR - {"function": "create", "class": "type", "args": "()", "kwargs": {"email": "test@example.com", "username": "testuser"}, "status": "error", "error": "User.create() missing 2 required positional arguments: 'first_name' and 'last_name'"}
2024-10-20 21:41:29,373 - hbnb_models - ERROR - {"function": "__init__", "class": "User", "args": "()", "kwargs": {}, "status": "error", "error": "module 'datetime' has no attribute 'now'"}
2024-10-20 21:41:29,373 - hbnb_models - ERROR - {"function": "__init__", "class": "User", "args": "('johndoe12', 'john12.doe@example.com', 'securepassword', 'John', 'Doe', '1234567890')", "kwargs": {}, "status": "error", "error": "module 'datetime' has no attribute 'now'"}
2024-10-20 21:41:29,373 - hbnb_models - ERROR - {"function": "create", "class": "type", "args": "()", "kwargs": {"username": "johndoe12", "email": "john12.doe@example.com", "first_name": "John", "last_name": "Doe", "phone_number": "1234567890"}, "status": "error", "error": "module 'datetime' has no attribute 'now'"}
2024-10-20 21:46:12,315 - hbnb_models - ERROR - {"function": "__init__", "class": "User", "args": "()", "kwargs": {}, "status": "error", "error": "module 'datetime' has no attribute 'now'"}
2024-10-20 21:46:12,315 - hbnb_models - ERROR - {"function": "__init__", "class": "User", "args": "('johndoe12', 'john12.doe@example.com', 'securepassword', 'John', 'Doe', '1234567890')", "kwargs": {}, "status": "error", "error": "module 'datetime' has no attribute 'now'"}
2024-10-20 21:46:12,316 - hbnb_models - ERROR - {"function": "create", "class": "type", "args": "()", "kwargs": {"username": "johndoe12", "email": "john12.doe@example.com", "first_name": "John", "last_name": "Doe", "phone_number": "1234567890"}, "status": "error", "error": "module 'datetime' has no attribute 'now'"}
2024-10-20 21:53:37,913 - hbnb_models - ERROR - {"function": "__init__", "class": "User", "args": "()", "kwargs": {}, "status": "error", "error": "module 'datetime' has no attribute 'now'"}
2024-10-20 21:53:37,913 - hbnb_models - ERROR - {"function": "__init__", "class": "User", "args": "('johndoe12', 'john12.doe@example.com', 'securepassword', 'John', 'Doe', '1234567890')", "kwargs": {}, "status": "error", "error": "module 'datetime' has no attribute 'now'"}
2024-10-20 21:53:37,914 - hbnb_models - ERROR - {"function": "create", "class": "type", "args": "()", "kwargs": {"username": "johndoe12", "email": "john12.doe@example.com", "first_name": "John", "last_name": "Doe", "phone_number": "1234567890"}, "status": "error", "error": "module 'datetime' has no attribute 'now'"}
2024-10-20 21:54:05,965 - hbnb_models - ERROR - {"function": "__init__", "class": "User", "args": "()", "kwargs": {}, "status": "error", "error": "module 'datetime' has no attribute 'now'"}
2024-10-20 21:54:05,965 - hbnb_models - ERROR - {"function": "__init__", "class": "User", "args": "('johndoe12', 'john12.doe@example.com', 'securepassword', 'John', 'Doe', '1234567890')", "kwargs": {}, "status": "error", "error": "module 'datetime' has no attribute 'now'"}
2024-10-20 21:54:05,966 - hbnb_models - ERROR - {"function": "create", "class": "type", "args": "()", "kwargs": {"username": "johndoe12", "email": "john12.doe@example.com", "first_name": "John", "last_name": "Doe", "phone_number": "1234567890"}, "status": "error", "error": "module 'datetime' has no attribute 'now'"}
2024-10-20 21:57:36,503 - hbnb_models - ERROR - {"function": "__init__", "class": "User", "args": "()", "kwargs": {}, "status": "error", "error": "module 'datetime' has no attribute 'now'"}
2024-10-20 21:57:36,503 - hbnb_models - ERROR - {"function": "__init__", "class": "User", "args": "('johndoe12', 'john12.doe@example.com', 'securepassword', 'John', 'Doe', '1234567890')", "kwargs": {}, "status": "error", "error": "module 'datetime' has no attribute 'now'"}
2024-10-20 21:57:36,503 - hbnb_models - ERROR - {"function": "create", "class": "type", "args": "()", "kwargs": {"username": "johndoe12", "email": "john12.doe@example.com", "first_name": "John", "last_name": "Doe", "phone_number": "1234567890"}, "status": "error", "error": "module 'datetime' has no attribute 'now'"}
2024-10-20 21:58:05,561 - hbnb_models - ERROR - {"function": "__init__", "class": "User", "args": "()", "kwargs": {}, "status": "error", "error": "module 'datetime' has no attribute 'now'"}
2024-10-20 21:58:05,561 - hbnb_models - ERROR - {"function": "__init__", "class": "User", "args": "('johndoe12', 'john12.doe@example.com', 'securepassword', 'John', 'Doe', '1234567890')", "kwargs": {}, "status": "error", "error": "module 'datetime' has no attribute 'now'"}
2024-10-20 21:58:05,562 - hbnb_models - ERROR - {"function": "create", "class": "type", "args": "()", "kwargs": {"username": "johndoe12", "email": "john12.doe@example.com", "first_name": "John", "last_name": "Doe", "phone_number": "1234567890"}, "status": "error", "error": "module 'datetime' has no attribute 'now'"}
2024-10-20 22:02:07,069 - hbnb_models - ERROR - {"function": "__init__", "class": "User", "args": "()", "kwargs": {}, "status": "error", "error": "module 'datetime' has no attribute 'now'"}
2024-10-20 22:02:07,069 - hbnb_models - ERROR - {"function": "__init__", "class": "User", "args": "('johndoe12', 'john12.doe@example.com', 'securepassword', 'John', 'Doe', '1234567890')", "kwargs": {}, "status": "error", "error": "module 'datetime' has no attribute 'now'"}
2024-10-20 22:02:07,069 - hbnb_models - ERROR - {"function": "create", "class": "type", "args": "()", "kwargs": {"username": "johndoe12", "email": "john12.doe@example.com", "first_name": "John", "last_name": "Doe", "phone_number": "1234567890"}, "status": "error", "error": "module 'datetime' has no attribute 'now'"}
2024-10-20 22:06:56,554 - hbnb_models - ERROR - {"function": "__init__", "class": "User", "args": "()", "kwargs": {}, "status": "error", "error": "module 'datetime' has no attribute 'now'"}
2024-10-20 22:06:56,555 - hbnb_models - ERROR - {"function": "__init__", "class": "User", "args": "('johndoe12', 'john12.doe@example.com', 'securepassword', 'John', 'Doe', '1234567890')", "kwargs": {}, "status": "error", "error": "module 'datetime' has no attribute 'now'"}
2024-10-20 22:06:56,555 - hbnb_models - ERROR - {"function": "create", "class": "type", "args": "()", "kwargs": {"username": "johndoe12", "email": "john12.doe@example.com", "first_name": "John", "last_name": "Doe", "phone_number": "1234567890"}, "status": "error", "error": "module 'datetime' has no attribute 'now'"}
2024-10-20 22:09:10,455 - hbnb_models - ERROR - {"function": "__init__", "class": "User", "args": "()", "kwargs": {}, "status": "error", "error": "module 'datetime' has no attribute 'now'"}
2024-10-20 22:09:10,456 - hbnb_models - ERROR - {"function": "__init__", "class": "User", "args": "('johndoe12', 'john12.doe@example.com', 'securepassword', 'John', 'Doe', '1234567890')", "kwargs": {}, "status": "error", "error": "module 'datetime' has no attribute 'now'"}
2024-10-20 22:09:10,456 - hbnb_models - ERROR - {"function": "create", "class": "type", "args": "()", "kwargs": {"username": "johndoe12", "email": "john12.doe@example.com", "first_name": "John", "last_name": "Doe", "phone_number": "1234567890"}, "status": "error", "error": "module 'datetime' has no attribute 'now'"}
2024-10-20 22:09:25,552 - hbnb_models - ERROR - {"function": "__init__", "class": "User", "args": "()", "kwargs": {}, "status": "error", "error": "module 'datetime' has no attribute 'now'"}
2024-10-20 22:09:25,552 - hbnb_models - ERROR - {"function": "__init__", "class": "User", "args": "('johndoe12', 'john12.doe@example.com', 'securepassword', 'John', 'Doe', '1234567890')", "kwargs": {}, "status": "error", "error": "module 'datetime' has no attribute 'now'"}
2024-10-20 22:09:25,552 - hbnb_models - ERROR - {"function": "create", "class": "type", "args": "()", "kwargs": {"username": "johndoe12", "email": "john12.doe@example.com", "first_name": "John", "last_name": "Doe", "phone_number": "1234567890"}, "status": "error", "error": "module 'datetime' has no attribute 'now'"}
2024-10-20 22:10:12,236 - hbnb_models - ERROR - {"function": "__init__", "class": "User", "args": "()", "kwargs": {}, "status": "error", "error": "module 'datetime' has no attribute 'now'"}
2024-10-20 22:10:12,236 - hbnb_models - ERROR - {"function": "__init__", "class": "User", "args": "('johndoe12', 'john12.doe@example.com', 'veryverysecurepassword', 'John', 'Doe', '1234567890')", "kwargs": {}, "status": "error", "error": "module 'datetime' has no attribute 'now'"}
2024-10-20 22:10:12,237 - hbnb_models - ERROR - {"function": "create", "class": "type", "args": "()", "kwargs": {"username": "johndoe12", "email": "john12.doe@example.com", "first_name": "John", "last_name": "Doe", "phone_number": "1234567890"}, "status": "error", "error": "module 'datetime' has no attribute 'now'"}
2024-10-20 22:13:52,971 - hbnb_models - ERROR - {"function": "__init__", "class": "User", "args": "()", "kwargs": {}, "status": "error", "error": "module 'datetime' has no attribute 'now'"}
2024-10-20 22:13:52,972 - hbnb_models - ERROR - {"function": "__init__", "class": "User", "args": "('johndoe12', 'john12.doe@example.com', 'veryverysecurepassword', 'John', 'Doe', '1234567890')", "kwargs": {}, "status": "error", "error": "module 'datetime' has no attribute 'now'"}
2024-10-20 22:13:52,972 - hbnb_models - ERROR - {"function": "create", "class": "type", "args": "()", "kwargs": {"username": "johndoe12", "email": "john12.doe@example.com", "first_name": "John", "last_name": "Doe", "phone_number": "1234567890"}, "status": "error", "error": "module 'datetime' has no attribute 'now'"}
2024-10-20 22:17:05,386 - hbnb_models - ERROR - {"function": "__init__", "class": "User", "args": "()", "kwargs": {}, "status": "error", "error": "module 'datetime' has no attribute 'now'"}
2024-10-20 22:17:05,387 - hbnb_models - ERROR - {"function": "__init__", "class": "User", "args": "('johndoe12', 'john12.doe@example.com', 'veryverysecurepassword', 'John', 'Doe', '1234567890')", "kwargs": {}, "status": "error", "error": "module 'datetime' has no attribute 'now'"}
2024-10-20 22:17:05,387 - hbnb_models - ERROR - {"function": "create", "class": "type", "args": "()", "kwargs": {"username": "johndoe12", "email": "john12.doe@example.com", "first_name": "John", "last_name": "Doe", "phone_number": "1234567890"}, "status": "error", "error": "module 'datetime' has no attribute 'now'"}
2024-10-20 22:19:36,413 - hbnb_models - ERROR - {"function": "__init__", "class": "User", "args": "()", "kwargs": {}, "status": "error", "error": "module 'datetime' has no attribute 'now'"}
2024-10-20 22:19:36,413 - hbnb_models - ERROR - {"function": "__init__", "class": "User", "args": "('johndoe12', 'john12.doe@example.com', 'veryverysecurepassword', 'John', 'Doe', '1234567890')", "kwargs": {}, "status": "error", "error": "module 'datetime' has no attribute 'now'"}
2024-10-20 22:19:36,414 - hbnb_models - ERROR - {"function": "create", "class": "type", "args": "()", "kwargs": {"username": "johndoe12", "email": "john12.doe@example.com", "first_name": "John", "last_name": "Doe", "phone_number": "1234567890"}, "status": "error", "error": "module 'datetime' has no attribute 'now'"}
